// 重构日志: 52ba11a1
// 重构日志: f3edf9fb
// 重构日志: 7bd9a8be
// 重构日志: 8765b8e9
// 重构日志: 8ddefc1b
// 重构日志: bbd89e39
// 重构日志: 3e3042a0
// 重构日志: d29f32e3
// 重构日志: 7536ee62
// 同步 ID: 948ab074 @ Sun Jul 12 12:50:44 UTC 2026
// 重构日志: 1a2affc5
// 同步 ID: 6a065aa0 @ Mon Jul 13 11:24:59 UTC 2026
// 重构日志: 0dc1a8ef
// 同步 ID: 4db17148 @ Wed Jul 15 12:23:55 UTC 2026
// 同步 ID: ed24e74b @ Sat Jul 18 11:31:17 UTC 2026
// 同步 ID: 3c5de718 @ Sun Jul 19 07:57:21 UTC 2026
// 同步 ID: fbfadbaf @ Mon Jul 20 08:49:12 UTC 2026
// 重构日志: abf314ff
// 同步 ID: ccadc366 @ Tue Jul 21 13:33:22 UTC 2026
// 同步 ID: 6b34b888 @ Thu Jul 23 05:17:20 UTC 2026
// 重构日志: 69fea397
